<?xml version="1.0" encoding="utf-8"?><testsuites><testsuite name="pytest" errors="0" failures="0" skipped="0" tests="5" time="4.746" timestamp="2023-05-17T00:14:26.070222" hostname="Alyssas-MacBook-Pro-8.local"><testcase classname="tests.tests" name="test_duration_ryanair" time="0.392" /><testcase classname="tests.tests" name="test_duration_lufhansa" time="1.560" /><testcase classname="tests.tests" name="test_lufthansa_flight" time="1.067" /><testcase classname="tests.tests" name="test_ryan_noflight" time="0.375" /><testcase classname="tests.tests" name="test_lufthansa_flight_with_error" time="1.176" /></testsuite></testsuites>